<?xml version="1.0" encoding="UTF-8"?>
<robot generator="Robot 6.1.1 (Python 3.12.0 on darwin)" generated="20240104 13:21:45.051" rpa="false" schemaversion="4">
<suite id="s1" name="Tests" source="/Users/ihont/repos/python_robot_web_tests/tests">
<suite id="s1-s1" name="Test Signin" source="/Users/ihont/repos/python_robot_web_tests/tests/test_signin.robot">
<test id="s1-s1-t1" name="Valid Login" line="12">
<kw name="Open Browser To Home Page" library="base" type="SETUP">
<kw name="Open Browser" library="SeleniumLibrary">
<arg>${BASE URL}</arg>
<arg>${BROWSER}</arg>
<doc>Opens a new browser instance to the optional ``url``.</doc>
<msg timestamp="20240104 13:21:45.249" level="INFO">Opening browser 'Chrome' to base url 'http://127.0.0.1:3000'.</msg>
<status status="PASS" starttime="20240104 13:21:45.248" endtime="20240104 13:21:49.888"/>
</kw>
<kw name="Title Should Be" library="SeleniumLibrary">
<arg>SmallTalks</arg>
<doc>Verifies that the current page title equals ``title``.</doc>
<msg timestamp="20240104 13:21:49.892" level="INFO">Page title is 'SmallTalks'.</msg>
<status status="PASS" starttime="20240104 13:21:49.888" endtime="20240104 13:21:49.892"/>
</kw>
<status status="PASS" starttime="20240104 13:21:45.248" endtime="20240104 13:21:49.893"/>
</kw>
<kw name="Open Browser To Home Page" library="base">
<kw name="Open Browser" library="SeleniumLibrary">
<arg>${BASE URL}</arg>
<arg>${BROWSER}</arg>
<doc>Opens a new browser instance to the optional ``url``.</doc>
<msg timestamp="20240104 13:21:49.894" level="INFO">Opening browser 'Chrome' to base url 'http://127.0.0.1:3000'.</msg>
<status status="PASS" starttime="20240104 13:21:49.893" endtime="20240104 13:21:54.355"/>
</kw>
<kw name="Title Should Be" library="SeleniumLibrary">
<arg>SmallTalks</arg>
<doc>Verifies that the current page title equals ``title``.</doc>
<msg timestamp="20240104 13:21:54.361" level="INFO">Page title is 'SmallTalks'.</msg>
<status status="PASS" starttime="20240104 13:21:54.355" endtime="20240104 13:21:54.361"/>
</kw>
<status status="PASS" starttime="20240104 13:21:49.893" endtime="20240104 13:21:54.361"/>
</kw>
<kw name="Navigate To Login Page">
<kw name="Click Link" library="SeleniumLibrary">
<arg>Sign In</arg>
<doc>Clicks a link identified by ``locator``.</doc>
<msg timestamp="20240104 13:21:54.362" level="INFO">Clicking link 'Sign In'.</msg>
<status status="PASS" starttime="20240104 13:21:54.362" endtime="20240104 13:21:54.504"/>
</kw>
<kw name="Location Should Be" library="SeleniumLibrary">
<arg>${LOGIN URL}</arg>
<doc>Verifies that the current URL is exactly ``url``.</doc>
<msg timestamp="20240104 13:21:54.517" level="INFO">Current location is 'http://127.0.0.1:3000/users/sign_in'.</msg>
<status status="PASS" starttime="20240104 13:21:54.504" endtime="20240104 13:21:54.517"/>
</kw>
<status status="PASS" starttime="20240104 13:21:54.361" endtime="20240104 13:21:54.517"/>
</kw>
<kw name="Fill In Login Form">
<kw name="Input Text" library="SeleniumLibrary">
<arg>id:user_email</arg>
<arg>test.robot@py.com</arg>
<doc>Types the given ``text`` into the text field identified by ``locator``.</doc>
<msg timestamp="20240104 13:21:54.517" level="INFO">Typing text 'test.robot@py.com' into text field 'id:user_email'.</msg>
<status status="PASS" starttime="20240104 13:21:54.517" endtime="20240104 13:21:54.658"/>
</kw>
<kw name="Input Password" library="SeleniumLibrary">
<arg>id:user_password</arg>
<arg>Test!23456</arg>
<doc>Types the given password into the text field identified by ``locator``.</doc>
<msg timestamp="20240104 13:21:54.659" level="INFO">Typing password into text field 'id:user_password'.</msg>
<msg timestamp="20240104 13:21:54.680" level="INFO">Temporally setting log level to: NONE</msg>
<msg timestamp="20240104 13:21:54.711" level="INFO">Log level changed from NONE to INFO.</msg>
<status status="PASS" starttime="20240104 13:21:54.658" endtime="20240104 13:21:54.711"/>
</kw>
<kw name="Click Button" library="SeleniumLibrary">
<arg>Log in</arg>
<doc>Clicks the button identified by ``locator``.</doc>
<msg timestamp="20240104 13:21:54.711" level="INFO">Clicking button 'Log in'.</msg>
<status status="PASS" starttime="20240104 13:21:54.711" endtime="20240104 13:21:55.084"/>
</kw>
<status status="PASS" starttime="20240104 13:21:54.517" endtime="20240104 13:21:55.084"/>
</kw>
<kw name="Verify Success Message">
<kw name="Element Text Should Be" library="SeleniumLibrary">
<arg>${MESSAGE}</arg>
<arg>Signed in successfully.</arg>
<doc>Verifies that element ``locator`` contains exact the text ``expected``.</doc>
<msg timestamp="20240104 13:21:55.085" level="INFO">Verifying element 'id:notice' contains exact text 'Signed in successfully.'.</msg>
<status status="PASS" starttime="20240104 13:21:55.084" endtime="20240104 13:21:55.103"/>
</kw>
<status status="PASS" starttime="20240104 13:21:55.084" endtime="20240104 13:21:55.103"/>
</kw>
<kw name="Close Browser Session" library="base" type="TEARDOWN">
<kw name="Close Browser" library="SeleniumLibrary">
<doc>Closes the current browser.</doc>
<status status="PASS" starttime="20240104 13:21:55.103" endtime="20240104 13:21:55.207"/>
</kw>
<status status="PASS" starttime="20240104 13:21:55.103" endtime="20240104 13:21:55.207"/>
</kw>
<status status="PASS" starttime="20240104 13:21:45.248" endtime="20240104 13:21:55.208"/>
</test>
<doc>Validate Sign In Form</doc>
<status status="PASS" starttime="20240104 13:21:45.074" endtime="20240104 13:21:55.208"/>
</suite>
<status status="PASS" starttime="20240104 13:21:45.053" endtime="20240104 13:21:55.209"/>
</suite>
<statistics>
<total>
<stat pass="1" fail="0" skip="0">All Tests</stat>
</total>
<tag>
</tag>
<suite>
<stat pass="1" fail="0" skip="0" id="s1" name="Tests">Tests</stat>
<stat pass="1" fail="0" skip="0" id="s1-s1" name="Test Signin">Tests.Test Signin</stat>
</suite>
</statistics>
<errors>
</errors>
</robot>
